# JRE version: OpenJDK Runtime Environment (8.0_152-b01) (build 1.8.0_152-release-1248-b01)
# Java VM: OpenJDK 64-Bit Server VM (25.152-b01 mixed mode windows-amd64 compressed oops)
Heap:
 PSYoungGen      total 129536K, used 125952K [0x00000000eab00000, 0x00000000f6c80000, 0x0000000100000000)
  eden space 125952K, 100% used [0x00000000eab00000,0x00000000f2600000,0x00000000f2600000)
  from space 3584K, 0% used [0x00000000f3200000,0x00000000f3200000,0x00000000f3580000)
  to   space 12288K, 1% used [0x00000000f2600000,0x00000000f2638000,0x00000000f3200000)
 ParOldGen       total 101376K, used 15134K [0x00000000c0000000, 0x00000000c6300000, 0x00000000eab00000)
  object space 101376K, 14% used [0x00000000c0000000,0x00000000c0ec7b08,0x00000000c6300000)
 Metaspace       used 41893K, capacity 42780K, committed 43048K, reserved 1087488K
  class space    used 5651K, capacity 5922K, committed 5936K, reserved 1048576K
GC Heap History (10 events):
Event: 3.320 GC heap before
{Heap before GC invocations=6 (full 1):
 PSYoungGen      total 70656K, used 5104K [0x00000000eab00000, 0x00000000f3f00000, 0x0000000100000000)
  eden space 65536K, 0% used [0x00000000eab00000,0x00000000eab00000,0x00000000eeb00000)
  from space 5120K, 99% used [0x00000000eeb00000,0x00000000eeffc040,0x00000000ef000000)
  to   space 10240K, 0% used [0x00000000f3500000,0x00000000f3500000,0x00000000f3f00000)
 ParOldGen       total 86016K, used 8038K [0x00000000c0000000, 0x00000000c5400000, 0x00000000eab00000)
  object space 86016K, 9% used [0x00000000c0000000,0x00000000c07d9870,0x00000000c5400000)
 Metaspace       used 20862K, capacity 21282K, committed 21296K, reserved 1067008K
  class space    used 2931K, capacity 3106K, committed 3120K, reserved 1048576K
Event: 3.448 GC heap after
Heap after GC invocations=6 (full 1):
 PSYoungGen      total 70656K, used 0K [0x00000000eab00000, 0x00000000f3f00000, 0x0000000100000000)
  eden space 65536K, 0% used [0x00000000eab00000,0x00000000eab00000,0x00000000eeb00000)
  from space 5120K, 0% used [0x00000000eeb00000,0x00000000eeb00000,0x00000000ef000000)
  to   space 10240K, 0% used [0x00000000f3500000,0x00000000f3500000,0x00000000f3f00000)
 ParOldGen       total 66560K, used 8295K [0x00000000c0000000, 0x00000000c4100000, 0x00000000eab00000)
  object space 66560K, 12% used [0x00000000c0000000,0x00000000c0819d88,0x00000000c4100000)
 Metaspace       used 20862K, capacity 21282K, committed 21296K, reserved 1067008K
  class space    used 2931K, capacity 3106K, committed 3120K, reserved 1048576K
}
Event: 4.497 GC heap before
{Heap before GC invocations=7 (full 1):
 PSYoungGen      total 70656K, used 65536K [0x00000000eab00000, 0x00000000f3f00000, 0x0000000100000000)
  eden space 65536K, 100% used [0x00000000eab00000,0x00000000eeb00000,0x00000000eeb00000)
  from space 5120K, 0% used [0x00000000eeb00000,0x00000000eeb00000,0x00000000ef000000)
  to   space 10240K, 0% used [0x00000000f3500000,0x00000000f3500000,0x00000000f3f00000)
 ParOldGen       total 66560K, used 8295K [0x00000000c0000000, 0x00000000c4100000, 0x00000000eab00000)
  object space 66560K, 12% used [0x00000000c0000000,0x00000000c0819d88,0x00000000c4100000)
 Metaspace       used 25960K, capacity 26390K, committed 26672K, reserved 1073152K
  class space    used 3633K, capacity 3798K, committed 3888K, reserved 1048576K
Event: 4.507 GC heap after
Heap after GC invocations=7 (full 1):
 PSYoungGen      total 93696K, used 6534K [0x00000000eab00000, 0x00000000f3b80000, 0x0000000100000000)
  eden space 87040K, 0% used [0x00000000eab00000,0x00000000eab00000,0x00000000f0000000)
  from space 6656K, 98% used [0x00000000f3500000,0x00000000f3b61a20,0x00000000f3b80000)
  to   space 9728K, 0% used [0x00000000f2880000,0x00000000f2880000,0x00000000f3200000)
 ParOldGen       total 66560K, used 8303K [0x00000000c0000000, 0x00000000c4100000, 0x00000000eab00000)
  object space 66560K, 12% used [0x00000000c0000000,0x00000000c081bd88,0x00000000c4100000)
 Metaspace       used 25960K, capacity 26390K, committed 26672K, reserved 1073152K
  class space    used 3633K, capacity 3798K, committed 3888K, reserved 1048576K
}
Event: 6.136 GC heap before
{Heap before GC invocations=8 (full 1):
 PSYoungGen      total 93696K, used 93574K [0x00000000eab00000, 0x00000000f3b80000, 0x0000000100000000)
  eden space 87040K, 100% used [0x00000000eab00000,0x00000000f0000000,0x00000000f0000000)
  from space 6656K, 98% used [0x00000000f3500000,0x00000000f3b61a20,0x00000000f3b80000)
  to   space 9728K, 0% used [0x00000000f2880000,0x00000000f2880000,0x00000000f3200000)
 ParOldGen       total 66560K, used 8303K [0x00000000c0000000, 0x00000000c4100000, 0x00000000eab00000)
  object space 66560K, 12% used [0x00000000c0000000,0x00000000c081bd88,0x00000000c4100000)
 Metaspace       used 33295K, capacity 33994K, committed 34096K, reserved 1079296K
  class space    used 4656K, capacity 4905K, committed 4912K, reserved 1048576K
Event: 6.155 GC heap after
Heap after GC invocations=8 (full 1):
 PSYoungGen      total 123392K, used 9697K [0x00000000eab00000, 0x00000000f3580000, 0x0000000100000000)
  eden space 113664K, 0% used [0x00000000eab00000,0x00000000eab00000,0x00000000f1a00000)
  from space 9728K, 99% used [0x00000000f2880000,0x00000000f31f86a8,0x00000000f3200000)
  to   space 3584K, 0% used [0x00000000f3200000,0x00000000f3200000,0x00000000f3580000)
 ParOldGen       total 66560K, used 10645K [0x00000000c0000000, 0x00000000c4100000, 0x00000000eab00000)
  object space 66560K, 15% used [0x00000000c0000000,0x00000000c0a654d0,0x00000000c4100000)
 Metaspace       used 33295K, capacity 33994K, committed 34096K, reserved 1079296K
  class space    used 4656K, capacity 4905K, committed 4912K, reserved 1048576K
}
Event: 6.353 GC heap before
{Heap before GC invocations=9 (full 1):
 PSYoungGen      total 123392K, used 19802K [0x00000000eab00000, 0x00000000f3580000, 0x0000000100000000)
  eden space 113664K, 8% used [0x00000000eab00000,0x00000000eb4de538,0x00000000f1a00000)
  from space 9728K, 99% used [0x00000000f2880000,0x00000000f31f86a8,0x00000000f3200000)
  to   space 3584K, 0% used [0x00000000f3200000,0x00000000f3200000,0x00000000f3580000)
 ParOldGen       total 66560K, used 10645K [0x00000000c0000000, 0x00000000c4100000, 0x00000000eab00000)
  object space 66560K, 15% used [0x00000000c0000000,0x00000000c0a654d0,0x00000000c4100000)
 Metaspace       used 34676K, capacity 35352K, committed 35496K, reserved 1079296K
  class space    used 4809K, capacity 5038K, committed 5040K, reserved 1048576K
Event: 6.379 GC heap after
Heap after GC invocations=9 (full 1):
 PSYoungGen      total 129536K, used 3584K [0x00000000eab00000, 0x00000000f6c80000, 0x0000000100000000)
  eden space 125952K, 0% used [0x00000000eab00000,0x00000000eab00000,0x00000000f2600000)
  from space 3584K, 100% used [0x00000000f3200000,0x00000000f3580000,0x00000000f3580000)
  to   space 12288K, 0% used [0x00000000f2600000,0x00000000f2600000,0x00000000f3200000)
 ParOldGen       total 66560K, used 15641K [0x00000000c0000000, 0x00000000c4100000, 0x00000000eab00000)
  object space 66560K, 23% used [0x00000000c0000000,0x00000000c0f467d0,0x00000000c4100000)
 Metaspace       used 34676K, capacity 35352K, committed 35496K, reserved 1079296K
  class space    used 4809K, capacity 5038K, committed 5040K, reserved 1048576K
}
Event: 6.379 GC heap before
{Heap before GC invocations=10 (full 2):
 PSYoungGen      total 129536K, used 3584K [0x00000000eab00000, 0x00000000f6c80000, 0x0000000100000000)
  eden space 125952K, 0% used [0x00000000eab00000,0x00000000eab00000,0x00000000f2600000)
  from space 3584K, 100% used [0x00000000f3200000,0x00000000f3580000,0x00000000f3580000)
  to   space 12288K, 0% used [0x00000000f2600000,0x00000000f2600000,0x00000000f3200000)
 ParOldGen       total 66560K, used 15641K [0x00000000c0000000, 0x00000000c4100000, 0x00000000eab00000)
  object space 66560K, 23% used [0x00000000c0000000,0x00000000c0f467d0,0x00000000c4100000)
 Metaspace       used 34676K, capacity 35352K, committed 35496K, reserved 1079296K
  class space    used 4809K, capacity 5038K, committed 5040K, reserved 1048576K
Event: 6.502 GC heap after
Heap after GC invocations=10 (full 2):
 PSYoungGen      total 129536K, used 0K [0x00000000eab00000, 0x00000000f6c80000, 0x0000000100000000)
  eden space 125952K, 0% used [0x00000000eab00000,0x00000000eab00000,0x00000000f2600000)
  from space 3584K, 0% used [0x00000000f3200000,0x00000000f3200000,0x00000000f3580000)
  to   space 12288K, 0% used [0x00000000f2600000,0x00000000f2600000,0x00000000f3200000)
 ParOldGen       total 101376K, used 15134K [0x00000000c0000000, 0x00000000c6300000, 0x00000000eab00000)
  object space 101376K, 14% used [0x00000000c0000000,0x00000000c0ec7b08,0x00000000c6300000)
 Metaspace       used 34676K, capacity 35352K, committed 35496K, reserved 1079296K
  class space    used 4809K, capacity 5038K, committed 5040K, reserved 1048576K
}

