# JRE version: OpenJDK Runtime Environment (8.0_152-b01) (build 1.8.0_152-release-1248-b01)
# Java VM: OpenJDK 64-Bit Server VM (25.152-b01 mixed mode windows-amd64 compressed oops)
Heap:
 PSYoungGen      total 127488K, used 10650K [0x00000000eab00000, 0x00000000f3780000, 0x0000000100000000)
  eden space 112128K, 9% used [0x00000000eab00000,0x00000000eb566a90,0x00000000f1880000)
  from space 15360K, 0% used [0x00000000f2700000,0x00000000f2700000,0x00000000f3600000)
  to   space 14848K, 0% used [0x00000000f1880000,0x00000000f1880000,0x00000000f2700000)
 ParOldGen       total 135168K, used 35821K [0x00000000c0000000, 0x00000000c8400000, 0x00000000eab00000)
  object space 135168K, 26% used [0x00000000c0000000,0x00000000c22fb7e0,0x00000000c8400000)
 Metaspace       used 58126K, capacity 59586K, committed 59864K, reserved 1101824K
  class space    used 7705K, capacity 8116K, committed 8192K, reserved 1048576K
GC Heap History (10 events):
Event: 27.332 GC heap before
{Heap before GC invocations=13 (full 2):
 PSYoungGen      total 78848K, used 68096K [0x00000000eab00000, 0x00000000f0700000, 0x0000000100000000)
  eden space 68096K, 100% used [0x00000000eab00000,0x00000000eed80000,0x00000000eed80000)
  from space 10752K, 0% used [0x00000000ef800000,0x00000000ef800000,0x00000000f0280000)
  to   space 10752K, 0% used [0x00000000eed80000,0x00000000eed80000,0x00000000ef800000)
 ParOldGen       total 90624K, used 16158K [0x00000000c0000000, 0x00000000c5880000, 0x00000000eab00000)
  object space 90624K, 17% used [0x00000000c0000000,0x00000000c0fc7858,0x00000000c5880000)
 Metaspace       used 42104K, capacity 42820K, committed 43224K, reserved 1087488K
  class space    used 5614K, capacity 5830K, committed 5888K, reserved 1048576K
Event: 27.340 GC heap after
Heap after GC invocations=13 (full 2):
 PSYoungGen      total 78848K, used 6497K [0x00000000eab00000, 0x00000000f1580000, 0x0000000100000000)
  eden space 68096K, 0% used [0x00000000eab00000,0x00000000eab00000,0x00000000eed80000)
  from space 10752K, 60% used [0x00000000eed80000,0x00000000ef3d8738,0x00000000ef800000)
  to   space 10240K, 0% used [0x00000000f0b80000,0x00000000f0b80000,0x00000000f1580000)
 ParOldGen       total 90624K, used 16230K [0x00000000c0000000, 0x00000000c5880000, 0x00000000eab00000)
  object space 90624K, 17% used [0x00000000c0000000,0x00000000c0fd9868,0x00000000c5880000)
 Metaspace       used 42104K, capacity 42820K, committed 43224K, reserved 1087488K
  class space    used 5614K, capacity 5830K, committed 5888K, reserved 1048576K
}
Event: 28.993 GC heap before
{Heap before GC invocations=14 (full 2):
 PSYoungGen      total 78848K, used 74593K [0x00000000eab00000, 0x00000000f1580000, 0x0000000100000000)
  eden space 68096K, 100% used [0x00000000eab00000,0x00000000eed80000,0x00000000eed80000)
  from space 10752K, 60% used [0x00000000eed80000,0x00000000ef3d8738,0x00000000ef800000)
  to   space 10240K, 0% used [0x00000000f0b80000,0x00000000f0b80000,0x00000000f1580000)
 ParOldGen       total 90624K, used 16230K [0x00000000c0000000, 0x00000000c5880000, 0x00000000eab00000)
  object space 90624K, 17% used [0x00000000c0000000,0x00000000c0fd9868,0x00000000c5880000)
 Metaspace       used 46642K, capacity 47428K, committed 47960K, reserved 1091584K
  class space    used 6140K, capacity 6402K, committed 6528K, reserved 1048576K
Event: 29.005 GC heap after
Heap after GC invocations=14 (full 2):
 PSYoungGen      total 97280K, used 10222K [0x00000000eab00000, 0x00000000f1600000, 0x0000000100000000)
  eden space 87040K, 0% used [0x00000000eab00000,0x00000000eab00000,0x00000000f0000000)
  from space 10240K, 99% used [0x00000000f0b80000,0x00000000f157baa0,0x00000000f1580000)
  to   space 11264K, 0% used [0x00000000f0000000,0x00000000f0000000,0x00000000f0b00000)
 ParOldGen       total 90624K, used 16782K [0x00000000c0000000, 0x00000000c5880000, 0x00000000eab00000)
  object space 90624K, 18% used [0x00000000c0000000,0x00000000c1063b08,0x00000000c5880000)
 Metaspace       used 46642K, capacity 47428K, committed 47960K, reserved 1091584K
  class space    used 6140K, capacity 6402K, committed 6528K, reserved 1048576K
}
Event: 30.708 GC heap before
{Heap before GC invocations=15 (full 2):
 PSYoungGen      total 97280K, used 97262K [0x00000000eab00000, 0x00000000f1600000, 0x0000000100000000)
  eden space 87040K, 100% used [0x00000000eab00000,0x00000000f0000000,0x00000000f0000000)
  from space 10240K, 99% used [0x00000000f0b80000,0x00000000f157baa0,0x00000000f1580000)
  to   space 11264K, 0% used [0x00000000f0000000,0x00000000f0000000,0x00000000f0b00000)
 ParOldGen       total 90624K, used 16782K [0x00000000c0000000, 0x00000000c5880000, 0x00000000eab00000)
  object space 90624K, 18% used [0x00000000c0000000,0x00000000c1063b08,0x00000000c5880000)
 Metaspace       used 51224K, capacity 52340K, committed 52696K, reserved 1095680K
  class space    used 6721K, capacity 7061K, committed 7168K, reserved 1048576K
Event: 30.729 GC heap after
Heap after GC invocations=15 (full 2):
 PSYoungGen      total 98304K, used 11259K [0x00000000eab00000, 0x00000000f3600000, 0x0000000100000000)
  eden space 87040K, 0% used [0x00000000eab00000,0x00000000eab00000,0x00000000f0000000)
  from space 11264K, 99% used [0x00000000f0000000,0x00000000f0afeea0,0x00000000f0b00000)
  to   space 15360K, 0% used [0x00000000f2700000,0x00000000f2700000,0x00000000f3600000)
 ParOldGen       total 90624K, used 24143K [0x00000000c0000000, 0x00000000c5880000, 0x00000000eab00000)
  object space 90624K, 26% used [0x00000000c0000000,0x00000000c1793c30,0x00000000c5880000)
 Metaspace       used 51224K, capacity 52340K, committed 52696K, reserved 1095680K
  class space    used 6721K, capacity 7061K, committed 7168K, reserved 1048576K
}
Event: 32.272 GC heap before
{Heap before GC invocations=16 (full 2):
 PSYoungGen      total 98304K, used 76516K [0x00000000eab00000, 0x00000000f3600000, 0x0000000100000000)
  eden space 87040K, 74% used [0x00000000eab00000,0x00000000eeaba1a8,0x00000000f0000000)
  from space 11264K, 99% used [0x00000000f0000000,0x00000000f0afeea0,0x00000000f0b00000)
  to   space 15360K, 0% used [0x00000000f2700000,0x00000000f2700000,0x00000000f3600000)
 ParOldGen       total 90624K, used 24143K [0x00000000c0000000, 0x00000000c5880000, 0x00000000eab00000)
  object space 90624K, 26% used [0x00000000c0000000,0x00000000c1793c30,0x00000000c5880000)
 Metaspace       used 57422K, capacity 58826K, committed 58968K, reserved 1099776K
  class space    used 7578K, capacity 7962K, committed 8064K, reserved 1048576K
Event: 32.304 GC heap after
Heap after GC invocations=16 (full 2):
 PSYoungGen      total 127488K, used 6518K [0x00000000eab00000, 0x00000000f3780000, 0x0000000100000000)
  eden space 112128K, 0% used [0x00000000eab00000,0x00000000eab00000,0x00000000f1880000)
  from space 15360K, 42% used [0x00000000f2700000,0x00000000f2d5dac8,0x00000000f3600000)
  to   space 14848K, 0% used [0x00000000f1880000,0x00000000f1880000,0x00000000f2700000)
 ParOldGen       total 90624K, used 32865K [0x00000000c0000000, 0x00000000c5880000, 0x00000000eab00000)
  object space 90624K, 36% used [0x00000000c0000000,0x00000000c2018780,0x00000000c5880000)
 Metaspace       used 57422K, capacity 58826K, committed 58968K, reserved 1099776K
  class space    used 7578K, capacity 7962K, committed 8064K, reserved 1048576K
}
Event: 32.304 GC heap before
{Heap before GC invocations=17 (full 3):
 PSYoungGen      total 127488K, used 6518K [0x00000000eab00000, 0x00000000f3780000, 0x0000000100000000)
  eden space 112128K, 0% used [0x00000000eab00000,0x00000000eab00000,0x00000000f1880000)
  from space 15360K, 42% used [0x00000000f2700000,0x00000000f2d5dac8,0x00000000f3600000)
  to   space 14848K, 0% used [0x00000000f1880000,0x00000000f1880000,0x00000000f2700000)
 ParOldGen       total 90624K, used 32865K [0x00000000c0000000, 0x00000000c5880000, 0x00000000eab00000)
  object space 90624K, 36% used [0x00000000c0000000,0x00000000c2018780,0x00000000c5880000)
 Metaspace       used 57422K, capacity 58826K, committed 58968K, reserved 1099776K
  class space    used 7578K, capacity 7962K, committed 8064K, reserved 1048576K
Event: 32.605 GC heap after
Heap after GC invocations=17 (full 3):
 PSYoungGen      total 127488K, used 0K [0x00000000eab00000, 0x00000000f3780000, 0x0000000100000000)
  eden space 112128K, 0% used [0x00000000eab00000,0x00000000eab00000,0x00000000f1880000)
  from space 15360K, 0% used [0x00000000f2700000,0x00000000f2700000,0x00000000f3600000)
  to   space 14848K, 0% used [0x00000000f1880000,0x00000000f1880000,0x00000000f2700000)
 ParOldGen       total 135168K, used 35821K [0x00000000c0000000, 0x00000000c8400000, 0x00000000eab00000)
  object space 135168K, 26% used [0x00000000c0000000,0x00000000c22fb7e0,0x00000000c8400000)
 Metaspace       used 57419K, capacity 58818K, committed 58968K, reserved 1099776K
  class space    used 7577K, capacity 7960K, committed 8064K, reserved 1048576K
}

